<?xml version="1.0" encoding="UTF-8"?>
<!-- Generated by org.testng.reporters.JUnitReportReporter -->
<testsuite hostname="DESKTOP-T2F204L" failures="0" tests="5" name="runner.TestRunner" time="5.242" errors="0" timestamp="2021-12-23T19:19:24 IST" skipped="0">
  <testcase classname="runner.TestRunner" name="runScenario" time="0.436"/>
  <system-out/>
  <testcase classname="runner.TestRunner" name="runScenario" time="0.263"/>
  <system-out/>
  <testcase classname="runner.TestRunner" name="runScenario" time="0.653"/>
  <system-out/>
  <testcase classname="runner.TestRunner" name="runScenario" time="3.662"/>
  <system-out/>
  <testcase classname="runner.TestRunner" name="runScenario" time="0.228"/>
  <system-out/>
</testsuite> <!-- runner.TestRunner -->
